<?xml version="1.0" encoding="UTF-8"?>
<!-- Generated by org.testng.reporters.JUnitReportReporter -->
<testsuite hostname="LAPTOP-83T6RF79" failures="0" tests="1" name="cucumberOptions.TestNGTestRunner" time="4.473" errors="0" timestamp="2023-02-21T19:38:50 IST" skipped="0">
  <testcase classname="cucumberOptions.TestNGTestRunner" name="runScenario" time="4.473"/>
  <system-out>
    <![CDATA[Setting up the browser
Creating Chrome Driver
Maximizing the window to check if the browser is started.
CDwindow-F3645ABF702A7A3941DCB59462427D57
Opening URL: https://rahulshettyacademy.com/AutomationPractice/]]>
  </system-out>
</testsuite> <!-- cucumberOptions.TestNGTestRunner -->
