<?xml version="1.0" encoding="UTF-8"?>
<!-- Generated by org.testng.reporters.JUnitReportReporter -->
<testsuite hostname="LAPTOP-83T6RF79" failures="0" tests="1" name="cucumberOptions.TestNGTestRunner" time="7.982" errors="0" timestamp="2023-02-22T12:54:18 IST" skipped="0">
  <testcase classname="cucumberOptions.TestNGTestRunner" name="runScenario" time="7.982"/>
  <system-out>
    <![CDATA[Setting up the browser
Creating Chrome Driver
Maximizing the window to check if the browser is started.
CDwindow-320DA10DC0D8270CA598DA3D2CA031EC
Opening URL: https://www.spicejet.com/
Clicking on Date Picker (OR Locator: xpath_datePicker)]]>
  </system-out>
</testsuite> <!-- cucumberOptions.TestNGTestRunner -->
