<?xml version="1.0" encoding="UTF-8"?>
<!-- Generated by org.testng.reporters.JUnitReportReporter -->
<testsuite hostname="LAPTOP-83T6RF79" failures="0" tests="1" name="cucumberOptions.TestNGTestRunner" time="8.061" errors="0" timestamp="2023-01-05T21:05:27 IST" skipped="0">
  <testcase classname="cucumberOptions.TestNGTestRunner" name="runScenario" time="8.061"/>
  <system-out>
    <![CDATA[Setting up the browser
Creating Chrome Driver
Maximizing the window to check if the browser is started.
CDwindow-96EB483A0228594FCEA1F01C30F464B2
Navigating to Login page: https://www.saucedemo.com/
Entering standard_user at user name (OR Locator: id_username)
Entering Password at password (OR Locator: id_pwd)
Clicking on Login Button (OR Locator: name_loginButton)
Asserting text is 'PRODUCTS' at (OR Locator: xpath_ProductsTitle)
Products present on the page:6]]>
  </system-out>
</testsuite> <!-- cucumberOptions.TestNGTestRunner -->
